2024-05-15 23:27:39,334 - INFO - 目前無新的資料
2024-05-15 23:27:39,337 - INFO - 本頁沒有新帖子，停止搜索
2024-05-15 23:27:39,337 - INFO - 處理版面: lifeismoney
2024-05-15 23:27:39,338 - INFO - 訪問頁面: https://www.ptt.cc/bbs/lifeismoney/index.html
2024-05-15 23:27:40,571 - INFO - 在https://www.ptt.cc/bbs/lifeismoney/index.html未找到符合條件的帖子
2024-05-15 23:27:40,574 - INFO - 目前無新的資料
2024-05-15 23:27:40,575 - INFO - 本頁沒有新帖子，停止搜索
2024-05-15 23:27:40,576 - INFO - 處理版面: lifeismoney
2024-05-15 23:27:40,576 - INFO - 訪問頁面: https://www.ptt.cc/bbs/lifeismoney/index.html
2024-05-15 23:27:41,363 - INFO - 在https://www.ptt.cc/bbs/lifeismoney/index.html未找到符合條件的帖子
2024-05-15 23:27:41,367 - INFO - 目前無新的資料
2024-05-15 23:27:41,367 - INFO - 本頁沒有新帖子，停止搜索
2024-05-15 23:27:41,368 - INFO - 處理版面: lifeismoney
2024-05-15 23:27:41,368 - INFO - 訪問頁面: https://www.ptt.cc/bbs/lifeismoney/index.html
2024-05-15 23:27:42,213 - INFO - 在https://www.ptt.cc/bbs/lifeismoney/index.html未找到符合條件的帖子
2024-05-15 23:27:42,218 - INFO - 目前無新的資料
2024-05-15 23:27:42,219 - INFO - 本頁沒有新帖子，停止搜索
2024-05-15 23:27:42,219 - INFO - 處理版面: lifeismoney
2024-05-15 23:27:42,220 - INFO - 訪問頁面: https://www.ptt.cc/bbs/lifeismoney/index.html
2024-05-15 23:27:44,063 - INFO - 在https://www.ptt.cc/bbs/lifeismoney/index.html未找到符合條件的帖子
2024-05-15 23:27:44,065 - INFO - 目前無新的資料
2024-05-15 23:27:44,065 - INFO - 本頁沒有新帖子，停止搜索
2024-05-15 23:27:44,066 - INFO - 處理版面: lifeismoney
2024-05-15 23:27:44,066 - INFO - 訪問頁面: https://www.ptt.cc/bbs/lifeismoney/index.html
2024-05-15 23:27:45,389 - INFO - 在https://www.ptt.cc/bbs/lifeismoney/index.html未找到符合條件的帖子
2024-05-15 23:27:45,392 - INFO - 目前無新的資料
2024-05-15 23:27:45,392 - INFO - 本頁沒有新帖子，停止搜索
2024-05-15 23:27:45,394 - INFO - CSV檔讀取成功
2024-05-15 23:27:45,395 - INFO - 處理版面: hardwaresale
2024-05-15 23:27:45,395 - INFO - 訪問頁面: https://www.ptt.cc/bbs/hardwaresale/index.html
2024-05-15 23:27:47,359 - INFO - 在https://www.ptt.cc/bbs/hardwaresale/index.html未找到符合條件的帖子
2024-05-15 23:27:47,367 - INFO - 目前無新的資料
2024-05-15 23:27:47,368 - INFO - 本頁沒有新帖子，停止搜索
2024-05-15 23:27:47,369 - INFO - 處理版面: hardwaresale
2024-05-15 23:27:47,370 - INFO - 訪問頁面: https://www.ptt.cc/bbs/hardwaresale/index.html
2024-05-15 23:27:49,113 - INFO - 在https://www.ptt.cc/bbs/hardwaresale/index.html未找到符合條件的帖子
2024-05-15 23:27:49,115 - INFO - 目前無新的資料
2024-05-15 23:27:49,116 - INFO - 本頁沒有新帖子，停止搜索
2024-05-15 23:27:49,116 - INFO - 處理版面: lifeismoney
2024-05-15 23:27:49,116 - INFO - 訪問頁面: https://www.ptt.cc/bbs/lifeismoney/index.html
2024-05-15 23:27:50,056 - INFO - 在https://www.ptt.cc/bbs/lifeismoney/index.html未找到符合條件的帖子
2024-05-15 23:27:50,059 - INFO - 目前無新的資料
2024-05-15 23:27:50,060 - INFO - 本頁沒有新帖子，停止搜索
2024-05-15 23:27:50,060 - INFO - 處理版面: steam
2024-05-15 23:27:50,061 - INFO - 訪問頁面: https://www.ptt.cc/bbs/steam/index.html
2024-05-15 23:27:50,928 - INFO - 目前無新的資料
2024-05-15 23:27:50,928 - INFO - 獲取上一頁連結: https://www.ptt.cc/bbs/steam/index.html
2024-05-15 23:27:51,607 - INFO - 找到上一頁連結
2024-05-15 23:27:51,610 - INFO - 訪問頁面: https://www.ptt.cc/bbs/Steam/index3868.html
2024-05-15 23:27:52,771 - INFO - 在https://www.ptt.cc/bbs/Steam/index3868.html未找到符合條件的帖子
2024-05-15 23:27:52,773 - INFO - 目前無新的資料
2024-05-15 23:27:52,774 - INFO - 本頁沒有新帖子，停止搜索
2024-05-15 23:27:52,774 - INFO - 處理版面: lifeismoney
2024-05-15 23:27:52,774 - INFO - 訪問頁面: https://www.ptt.cc/bbs/lifeismoney/index.html
2024-05-15 23:27:54,039 - INFO - 在https://www.ptt.cc/bbs/lifeismoney/index.html未找到符合條件的帖子
2024-05-15 23:27:54,042 - INFO - 目前無新的資料
2024-05-15 23:27:54,043 - INFO - 本頁沒有新帖子，停止搜索
2024-05-15 23:27:54,043 - INFO - 處理版面: lifeismoney
2024-05-15 23:27:54,044 - INFO - 訪問頁面: https://www.ptt.cc/bbs/lifeismoney/index.html
2024-05-15 23:27:55,766 - INFO - 在https://www.ptt.cc/bbs/lifeismoney/index.html未找到符合條件的帖子
2024-05-15 23:27:55,768 - INFO - 目前無新的資料
2024-05-15 23:27:55,769 - INFO - 本頁沒有新帖子，停止搜索
2024-05-15 23:27:55,769 - INFO - 處理版面: lifeismoney
2024-05-15 23:27:55,770 - INFO - 訪問頁面: https://www.ptt.cc/bbs/lifeismoney/index.html
2024-05-15 23:27:56,759 - INFO - 在https://www.ptt.cc/bbs/lifeismoney/index.html未找到符合條件的帖子
2024-05-15 23:27:56,764 - INFO - 目前無新的資料
2024-05-15 23:27:56,764 - INFO - 本頁沒有新帖子，停止搜索
2024-05-15 23:27:56,765 - INFO - 處理版面: lifeismoney
2024-05-15 23:27:56,765 - INFO - 訪問頁面: https://www.ptt.cc/bbs/lifeismoney/index.html
2024-05-15 23:27:57,663 - INFO - 在https://www.ptt.cc/bbs/lifeismoney/index.html未找到符合條件的帖子
2024-05-15 23:27:57,668 - INFO - 目前無新的資料
2024-05-15 23:27:57,669 - INFO - 本頁沒有新帖子，停止搜索
2024-05-15 23:27:57,670 - INFO - 處理版面: lifeismoney
2024-05-15 23:27:57,670 - INFO - 訪問頁面: https://www.ptt.cc/bbs/lifeismoney/index.html
2024-05-15 23:27:58,719 - INFO - 在https://www.ptt.cc/bbs/lifeismoney/index.html未找到符合條件的帖子
2024-05-15 23:27:58,724 - INFO - 目前無新的資料
2024-05-15 23:27:58,725 - INFO - 本頁沒有新帖子，停止搜索
2024-05-15 23:27:58,725 - INFO - 處理版面: lifeismoney
2024-05-15 23:27:58,726 - INFO - 訪問頁面: https://www.ptt.cc/bbs/lifeismoney/index.html
2024-05-15 23:27:59,692 - INFO - 在https://www.ptt.cc/bbs/lifeismoney/index.html未找到符合條件的帖子
2024-05-15 23:27:59,695 - INFO - 目前無新的資料
2024-05-15 23:27:59,695 - INFO - 本頁沒有新帖子，停止搜索
2024-05-15 23:27:59,696 - INFO - 處理版面: lifeismoney
2024-05-15 23:27:59,696 - INFO - 訪問頁面: https://www.ptt.cc/bbs/lifeismoney/index.html
2024-05-15 23:28:00,735 - INFO - 在https://www.ptt.cc/bbs/lifeismoney/index.html未找到符合條件的帖子
2024-05-15 23:28:00,737 - INFO - 目前無新的資料
2024-05-15 23:28:00,737 - INFO - 本頁沒有新帖子，停止搜索
2024-05-15 23:28:00,737 - INFO - 處理版面: lifeismoney
2024-05-15 23:28:00,738 - INFO - 訪問頁面: https://www.ptt.cc/bbs/lifeismoney/index.html
2024-05-15 23:28:02,878 - INFO - 在https://www.ptt.cc/bbs/lifeismoney/index.html未找到符合條件的帖子
2024-05-15 23:28:02,880 - INFO - 目前無新的資料
2024-05-15 23:28:02,881 - INFO - 本頁沒有新帖子，停止搜索
2024-05-15 23:28:02,882 - INFO - CSV檔讀取成功
2024-05-15 23:28:02,883 - INFO - 處理版面: hardwaresale
2024-05-15 23:28:02,883 - INFO - 訪問頁面: https://www.ptt.cc/bbs/hardwaresale/index.html
2024-05-15 23:28:04,221 - INFO - 在https://www.ptt.cc/bbs/hardwaresale/index.html未找到符合條件的帖子
2024-05-15 23:28:04,223 - INFO - 目前無新的資料
2024-05-15 23:28:04,224 - INFO - 本頁沒有新帖子，停止搜索
2024-05-15 23:28:04,224 - INFO - 處理版面: hardwaresale
2024-05-15 23:28:04,224 - INFO - 訪問頁面: https://www.ptt.cc/bbs/hardwaresale/index.html
2024-05-15 23:28:05,364 - INFO - 在https://www.ptt.cc/bbs/hardwaresale/index.html未找到符合條件的帖子
2024-05-15 23:28:05,366 - INFO - 目前無新的資料
2024-05-15 23:28:05,366 - INFO - 本頁沒有新帖子，停止搜索
2024-05-15 23:28:05,367 - INFO - 處理版面: lifeismoney
2024-05-15 23:28:05,367 - INFO - 訪問頁面: https://www.ptt.cc/bbs/lifeismoney/index.html
2024-05-15 23:28:06,679 - INFO - 在https://www.ptt.cc/bbs/lifeismoney/index.html未找到符合條件的帖子
2024-05-15 23:28:06,682 - INFO - 目前無新的資料
2024-05-15 23:28:06,682 - INFO - 本頁沒有新帖子，停止搜索
2024-05-15 23:28:06,683 - INFO - 處理版面: steam
2024-05-15 23:28:06,683 - INFO - 訪問頁面: https://www.ptt.cc/bbs/steam/index.html
2024-05-15 23:28:07,653 - INFO - 目前無新的資料
2024-05-15 23:28:07,653 - INFO - 獲取上一頁連結: https://www.ptt.cc/bbs/steam/index.html
2024-05-15 23:28:09,035 - INFO - 找到上一頁連結
2024-05-15 23:28:09,038 - INFO - 訪問頁面: https://www.ptt.cc/bbs/Steam/index3868.html
2024-05-15 23:28:09,754 - INFO - 在https://www.ptt.cc/bbs/Steam/index3868.html未找到符合條件的帖子
2024-05-15 23:28:09,758 - INFO - 目前無新的資料
2024-05-15 23:28:09,759 - INFO - 本頁沒有新帖子，停止搜索
2024-05-15 23:28:09,760 - INFO - 處理版面: lifeismoney
2024-05-15 23:28:09,760 - INFO - 訪問頁面: https://www.ptt.cc/bbs/lifeismoney/index.html
2024-05-15 23:28:11,266 - INFO - 在https://www.ptt.cc/bbs/lifeismoney/index.html未找到符合條件的帖子
2024-05-15 23:28:11,268 - INFO - 目前無新的資料
2024-05-15 23:28:11,268 - INFO - 本頁沒有新帖子，停止搜索
2024-05-15 23:28:11,269 - INFO - 處理版面: lifeismoney
2024-05-15 23:28:11,269 - INFO - 訪問頁面: https://www.ptt.cc/bbs/lifeismoney/index.html
2024-05-15 23:28:13,365 - INFO - 在https://www.ptt.cc/bbs/lifeismoney/index.html未找到符合條件的帖子
2024-05-15 23:28:13,368 - INFO - 目前無新的資料
2024-05-15 23:28:13,369 - INFO - 本頁沒有新帖子，停止搜索
2024-05-15 23:28:13,370 - INFO - 處理版面: lifeismoney
2024-05-15 23:28:13,370 - INFO - 訪問頁面: https://www.ptt.cc/bbs/lifeismoney/index.html
2024-05-15 23:28:13,959 - INFO - 在https://www.ptt.cc/bbs/lifeismoney/index.html未找到符合條件的帖子
2024-05-15 23:28:13,962 - INFO - 目前無新的資料
2024-05-15 23:28:13,962 - INFO - 本頁沒有新帖子，停止搜索
2024-05-15 23:28:13,962 - INFO - 處理版面: lifeismoney
2024-05-15 23:28:13,963 - INFO - 訪問頁面: https://www.ptt.cc/bbs/lifeismoney/index.html
2024-05-15 23:28:16,162 - INFO - 在https://www.ptt.cc/bbs/lifeismoney/index.html未找到符合條件的帖子
2024-05-15 23:28:16,164 - INFO - 目前無新的資料
2024-05-15 23:28:16,164 - INFO - 本頁沒有新帖子，停止搜索
2024-05-15 23:28:16,165 - INFO - 處理版面: lifeismoney
2024-05-15 23:28:16,165 - INFO - 訪問頁面: https://www.ptt.cc/bbs/lifeismoney/index.html
2024-05-15 23:28:18,017 - INFO - 在https://www.ptt.cc/bbs/lifeismoney/index.html未找到符合條件的帖子
2024-05-15 23:28:18,020 - INFO - 目前無新的資料
2024-05-15 23:28:18,021 - INFO - 本頁沒有新帖子，停止搜索
2024-05-15 23:28:18,022 - INFO - 處理版面: lifeismoney
2024-05-15 23:28:18,022 - INFO - 訪問頁面: https://www.ptt.cc/bbs/lifeismoney/index.html
2024-05-15 23:28:18,960 - INFO - 在https://www.ptt.cc/bbs/lifeismoney/index.html未找到符合條件的帖子
2024-05-15 23:28:18,963 - INFO - 目前無新的資料
2024-05-15 23:28:18,964 - INFO - 本頁沒有新帖子，停止搜索
2024-05-15 23:28:18,964 - INFO - 處理版面: lifeismoney
2024-05-15 23:28:18,964 - INFO - 訪問頁面: https://www.ptt.cc/bbs/lifeismoney/index.html
2024-05-15 23:28:19,856 - INFO - 在https://www.ptt.cc/bbs/lifeismoney/index.html未找到符合條件的帖子
2024-05-15 23:28:19,860 - INFO - 目前無新的資料
2024-05-15 23:28:19,861 - INFO - 本頁沒有新帖子，停止搜索
2024-05-15 23:28:19,862 - INFO - 處理版面: lifeismoney
2024-05-15 23:28:19,862 - INFO - 訪問頁面: https://www.ptt.cc/bbs/lifeismoney/index.html
2024-05-15 23:28:21,710 - INFO - 在https://www.ptt.cc/bbs/lifeismoney/index.html未找到符合條件的帖子
2024-05-15 23:28:21,713 - INFO - 目前無新的資料
2024-05-15 23:28:21,714 - INFO - 本頁沒有新帖子，停止搜索
2024-05-15 23:28:21,716 - INFO - CSV檔讀取成功
2024-05-15 23:28:21,717 - INFO - 處理版面: hardwaresale
2024-05-15 23:28:21,717 - INFO - 訪問頁面: https://www.ptt.cc/bbs/hardwaresale/index.html
2024-05-15 23:28:23,366 - INFO - 在https://www.ptt.cc/bbs/hardwaresale/index.html未找到符合條件的帖子
2024-05-15 23:28:23,370 - INFO - 目前無新的資料
2024-05-15 23:28:23,371 - INFO - 本頁沒有新帖子，停止搜索
2024-05-15 23:28:23,372 - INFO - 處理版面: hardwaresale
2024-05-15 23:28:23,373 - INFO - 訪問頁面: https://www.ptt.cc/bbs/hardwaresale/index.html
2024-05-15 23:28:24,506 - INFO - 在https://www.ptt.cc/bbs/hardwaresale/index.html未找到符合條件的帖子
2024-05-15 23:28:24,513 - INFO - 目前無新的資料
2024-05-15 23:28:24,513 - INFO - 本頁沒有新帖子，停止搜索
2024-05-15 23:28:24,514 - INFO - 處理版面: lifeismoney
2024-05-15 23:28:24,515 - INFO - 訪問頁面: https://www.ptt.cc/bbs/lifeismoney/index.html
2024-05-15 23:28:25,321 - INFO - 在https://www.ptt.cc/bbs/lifeismoney/index.html未找到符合條件的帖子
2024-05-15 23:28:25,324 - INFO - 目前無新的資料
2024-05-15 23:28:25,325 - INFO - 本頁沒有新帖子，停止搜索
2024-05-15 23:28:25,325 - INFO - 處理版面: steam
2024-05-15 23:28:25,325 - INFO - 訪問頁面: https://www.ptt.cc/bbs/steam/index.html
2024-05-15 23:28:26,316 - INFO - 目前無新的資料
2024-05-15 23:28:26,317 - INFO - 獲取上一頁連結: https://www.ptt.cc/bbs/steam/index.html
2024-05-15 23:28:28,635 - INFO - 找到上一頁連結
2024-05-15 23:28:28,638 - INFO - 訪問頁面: https://www.ptt.cc/bbs/Steam/index3868.html
2024-05-15 23:28:29,540 - INFO - 在https://www.ptt.cc/bbs/Steam/index3868.html未找到符合條件的帖子
2024-05-15 23:28:29,542 - INFO - 目前無新的資料
2024-05-15 23:28:29,543 - INFO - 本頁沒有新帖子，停止搜索
2024-05-15 23:28:29,543 - INFO - 處理版面: lifeismoney
2024-05-15 23:28:29,543 - INFO - 訪問頁面: https://www.ptt.cc/bbs/lifeismoney/index.html
2024-05-15 23:28:31,253 - INFO - 在https://www.ptt.cc/bbs/lifeismoney/index.html未找到符合條件的帖子
2024-05-15 23:28:31,258 - INFO - 目前無新的資料
2024-05-15 23:28:31,259 - INFO - 本頁沒有新帖子，停止搜索
2024-05-15 23:28:31,260 - INFO - 處理版面: lifeismoney
2024-05-15 23:28:31,261 - INFO - 訪問頁面: https://www.ptt.cc/bbs/lifeismoney/index.html
2024-05-15 23:28:32,387 - INFO - 在https://www.ptt.cc/bbs/lifeismoney/index.html未找到符合條件的帖子
2024-05-15 23:28:32,390 - INFO - 目前無新的資料
2024-05-15 23:28:32,391 - INFO - 本頁沒有新帖子，停止搜索
2024-05-15 23:28:32,391 - INFO - 處理版面: lifeismoney
2024-05-15 23:28:32,392 - INFO - 訪問頁面: https://www.ptt.cc/bbs/lifeismoney/index.html
2024-05-15 23:28:33,224 - INFO - 在https://www.ptt.cc/bbs/lifeismoney/index.html未找到符合條件的帖子
2024-05-15 23:28:33,227 - INFO - 目前無新的資料
2024-05-15 23:28:33,227 - INFO - 本頁沒有新帖子，停止搜索
2024-05-15 23:28:33,228 - INFO - 處理版面: lifeismoney
2024-05-15 23:28:33,228 - INFO - 訪問頁面: https://www.ptt.cc/bbs/lifeismoney/index.html
2024-05-15 23:28:34,031 - INFO - 在https://www.ptt.cc/bbs/lifeismoney/index.html未找到符合條件的帖子
2024-05-15 23:28:34,034 - INFO - 目前無新的資料
2024-05-15 23:28:34,034 - INFO - 本頁沒有新帖子，停止搜索
2024-05-15 23:28:34,035 - INFO - 處理版面: lifeismoney
2024-05-15 23:28:34,035 - INFO - 訪問頁面: https://www.ptt.cc/bbs/lifeismoney/index.html
2024-05-15 23:28:34,891 - INFO - 在https://www.ptt.cc/bbs/lifeismoney/index.html未找到符合條件的帖子
2024-05-15 23:28:34,894 - INFO - 目前無新的資料
2024-05-15 23:28:34,895 - INFO - 本頁沒有新帖子，停止搜索
2024-05-15 23:28:34,895 - INFO - 處理版面: lifeismoney
2024-05-15 23:28:34,895 - INFO - 訪問頁面: https://www.ptt.cc/bbs/lifeismoney/index.html
2024-05-15 23:28:36,427 - INFO - 在https://www.ptt.cc/bbs/lifeismoney/index.html未找到符合條件的帖子
2024-05-15 23:28:36,431 - INFO - 目前無新的資料
2024-05-15 23:28:36,432 - INFO - 本頁沒有新帖子，停止搜索
2024-05-15 23:28:36,432 - INFO - 處理版面: lifeismoney
2024-05-15 23:28:36,433 - INFO - 訪問頁面: https://www.ptt.cc/bbs/lifeismoney/index.html
2024-05-15 23:28:37,109 - INFO - 在https://www.ptt.cc/bbs/lifeismoney/index.html未找到符合條件的帖子
2024-05-15 23:28:37,112 - INFO - 目前無新的資料
2024-05-15 23:28:37,113 - INFO - 本頁沒有新帖子，停止搜索
2024-05-15 23:28:37,113 - INFO - 處理版面: lifeismoney
2024-05-15 23:28:37,114 - INFO - 訪問頁面: https://www.ptt.cc/bbs/lifeismoney/index.html
2024-05-15 23:28:38,000 - INFO - 在https://www.ptt.cc/bbs/lifeismoney/index.html未找到符合條件的帖子
2024-05-15 23:28:38,002 - INFO - 目前無新的資料
2024-05-15 23:28:38,003 - INFO - 本頁沒有新帖子，停止搜索
2024-05-15 23:28:38,004 - INFO - CSV檔讀取成功
2024-05-15 23:28:38,005 - INFO - 處理版面: hardwaresale
2024-05-15 23:28:38,005 - INFO - 訪問頁面: https://www.ptt.cc/bbs/hardwaresale/index.html
2024-05-15 23:28:38,935 - INFO - 在https://www.ptt.cc/bbs/hardwaresale/index.html未找到符合條件的帖子
2024-05-15 23:28:38,937 - INFO - 目前無新的資料
2024-05-15 23:28:38,938 - INFO - 本頁沒有新帖子，停止搜索
2024-05-15 23:28:38,938 - INFO - 處理版面: hardwaresale
2024-05-15 23:28:38,938 - INFO - 訪問頁面: https://www.ptt.cc/bbs/hardwaresale/index.html
2024-05-15 23:28:39,683 - INFO - 在https://www.ptt.cc/bbs/hardwaresale/index.html未找到符合條件的帖子
2024-05-15 23:28:39,687 - INFO - 目前無新的資料
2024-05-15 23:28:39,687 - INFO - 本頁沒有新帖子，停止搜索
2024-05-15 23:28:39,688 - INFO - 處理版面: lifeismoney
2024-05-15 23:28:39,689 - INFO - 訪問頁面: https://www.ptt.cc/bbs/lifeismoney/index.html
2024-05-15 23:28:40,547 - INFO - 在https://www.ptt.cc/bbs/lifeismoney/index.html未找到符合條件的帖子
2024-05-15 23:28:40,549 - INFO - 目前無新的資料
2024-05-15 23:28:40,550 - INFO - 本頁沒有新帖子，停止搜索
2024-05-15 23:28:40,550 - INFO - 處理版面: steam
2024-05-15 23:28:40,550 - INFO - 訪問頁面: https://www.ptt.cc/bbs/steam/index.html
2024-05-15 23:28:42,004 - INFO - 目前無新的資料
2024-05-15 23:28:42,004 - INFO - 獲取上一頁連結: https://www.ptt.cc/bbs/steam/index.html
2024-05-15 23:28:43,318 - INFO - 找到上一頁連結
2024-05-15 23:28:43,321 - INFO - 訪問頁面: https://www.ptt.cc/bbs/Steam/index3868.html
2024-05-15 23:28:45,354 - INFO - 在https://www.ptt.cc/bbs/Steam/index3868.html未找到符合條件的帖子
2024-05-15 23:28:45,357 - INFO - 目前無新的資料
2024-05-15 23:28:45,357 - INFO - 本頁沒有新帖子，停止搜索
2024-05-15 23:28:45,358 - INFO - 處理版面: lifeismoney
2024-05-15 23:28:45,358 - INFO - 訪問頁面: https://www.ptt.cc/bbs/lifeismoney/index.html
2024-05-15 23:28:46,298 - INFO - 在https://www.ptt.cc/bbs/lifeismoney/index.html未找到符合條件的帖子
2024-05-15 23:28:46,302 - INFO - 目前無新的資料
2024-05-15 23:28:46,303 - INFO - 本頁沒有新帖子，停止搜索
2024-05-15 23:28:46,304 - INFO - 處理版面: lifeismoney
2024-05-15 23:28:46,305 - INFO - 訪問頁面: https://www.ptt.cc/bbs/lifeismoney/index.html
2024-05-15 23:28:49,014 - INFO - 在https://www.ptt.cc/bbs/lifeismoney/index.html未找到符合條件的帖子
2024-05-15 23:28:49,017 - INFO - 目前無新的資料
2024-05-15 23:28:49,017 - INFO - 本頁沒有新帖子，停止搜索
2024-05-15 23:28:49,018 - INFO - 處理版面: lifeismoney
2024-05-15 23:28:49,018 - INFO - 訪問頁面: https://www.ptt.cc/bbs/lifeismoney/index.html
2024-05-15 23:28:51,197 - INFO - 在https://www.ptt.cc/bbs/lifeismoney/index.html未找到符合條件的帖子
2024-05-15 23:28:51,200 - INFO - 目前無新的資料
2024-05-15 23:28:51,201 - INFO - 本頁沒有新帖子，停止搜索
2024-05-15 23:28:51,201 - INFO - 處理版面: lifeismoney
2024-05-15 23:28:51,202 - INFO - 訪問頁面: https://www.ptt.cc/bbs/lifeismoney/index.html
2024-05-15 23:28:51,990 - INFO - 在https://www.ptt.cc/bbs/lifeismoney/index.html未找到符合條件的帖子
2024-05-15 23:28:51,994 - INFO - 目前無新的資料
2024-05-15 23:28:51,995 - INFO - 本頁沒有新帖子，停止搜索
2024-05-15 23:28:51,996 - INFO - 處理版面: lifeismoney
2024-05-15 23:28:51,996 - INFO - 訪問頁面: https://www.ptt.cc/bbs/lifeismoney/index.html
2024-05-15 23:28:53,367 - INFO - 在https://www.ptt.cc/bbs/lifeismoney/index.html未找到符合條件的帖子
2024-05-15 23:28:53,370 - INFO - 目前無新的資料
2024-05-15 23:28:53,371 - INFO - 本頁沒有新帖子，停止搜索
2024-05-15 23:28:53,371 - INFO - 處理版面: lifeismoney
2024-05-15 23:28:53,372 - INFO - 訪問頁面: https://www.ptt.cc/bbs/lifeismoney/index.html
2024-05-15 23:28:54,746 - INFO - 在https://www.ptt.cc/bbs/lifeismoney/index.html未找到符合條件的帖子
2024-05-15 23:28:54,749 - INFO - 目前無新的資料
2024-05-15 23:28:54,749 - INFO - 本頁沒有新帖子，停止搜索
2024-05-15 23:28:54,750 - INFO - 處理版面: lifeismoney
2024-05-15 23:28:54,750 - INFO - 訪問頁面: https://www.ptt.cc/bbs/lifeismoney/index.html
2024-05-15 23:28:55,633 - INFO - 在https://www.ptt.cc/bbs/lifeismoney/index.html未找到符合條件的帖子
2024-05-15 23:28:55,637 - INFO - 目前無新的資料
2024-05-15 23:28:55,638 - INFO - 本頁沒有新帖子，停止搜索
2024-05-15 23:28:55,639 - INFO - 處理版面: lifeismoney
2024-05-15 23:28:55,639 - INFO - 訪問頁面: https://www.ptt.cc/bbs/lifeismoney/index.html
2024-05-15 23:28:56,961 - INFO - 在https://www.ptt.cc/bbs/lifeismoney/index.html未找到符合條件的帖子
2024-05-15 23:28:56,965 - INFO - 目前無新的資料
2024-05-15 23:28:56,966 - INFO - 本頁沒有新帖子，停止搜索
2024-05-15 23:28:56,968 - INFO - CSV檔讀取成功
2024-05-15 23:28:56,969 - INFO - 處理版面: hardwaresale
2024-05-15 23:28:56,970 - INFO - 訪問頁面: https://www.ptt.cc/bbs/hardwaresale/index.html
2024-05-15 23:28:58,339 - INFO - 在https://www.ptt.cc/bbs/hardwaresale/index.html未找到符合條件的帖子
2024-05-15 23:28:58,343 - INFO - 目前無新的資料
2024-05-15 23:28:58,343 - INFO - 本頁沒有新帖子，停止搜索
2024-05-15 23:28:58,344 - INFO - 處理版面: hardwaresale
2024-05-15 23:28:58,344 - INFO - 訪問頁面: https://www.ptt.cc/bbs/hardwaresale/index.html
2024-05-15 23:29:00,097 - INFO - 在https://www.ptt.cc/bbs/hardwaresale/index.html未找到符合條件的帖子
2024-05-15 23:29:00,099 - INFO - 目前無新的資料
2024-05-15 23:29:00,100 - INFO - 本頁沒有新帖子，停止搜索
2024-05-15 23:29:00,100 - INFO - 處理版面: lifeismoney
2024-05-15 23:29:00,101 - INFO - 訪問頁面: https://www.ptt.cc/bbs/lifeismoney/index.html
2024-05-15 23:29:01,447 - INFO - 在https://www.ptt.cc/bbs/lifeismoney/index.html未找到符合條件的帖子
2024-05-15 23:29:01,449 - INFO - 目前無新的資料
2024-05-15 23:29:01,450 - INFO - 本頁沒有新帖子，停止搜索
2024-05-15 23:29:01,450 - INFO - 處理版面: steam
2024-05-15 23:29:01,450 - INFO - 訪問頁面: https://www.ptt.cc/bbs/steam/index.html
2024-05-15 23:29:03,524 - INFO - 目前無新的資料
2024-05-15 23:29:03,524 - INFO - 獲取上一頁連結: https://www.ptt.cc/bbs/steam/index.html
2024-05-15 23:29:04,591 - INFO - 找到上一頁連結
2024-05-15 23:29:04,595 - INFO - 訪問頁面: https://www.ptt.cc/bbs/Steam/index3868.html
2024-05-15 23:29:05,426 - INFO - 在https://www.ptt.cc/bbs/Steam/index3868.html未找到符合條件的帖子
2024-05-15 23:29:05,429 - INFO - 目前無新的資料
2024-05-15 23:29:05,429 - INFO - 本頁沒有新帖子，停止搜索
2024-05-15 23:29:05,430 - INFO - 處理版面: lifeismoney
2024-05-15 23:29:05,430 - INFO - 訪問頁面: https://www.ptt.cc/bbs/lifeismoney/index.html
2024-05-15 23:29:06,304 - INFO - 在https://www.ptt.cc/bbs/lifeismoney/index.html未找到符合條件的帖子
2024-05-15 23:29:06,307 - INFO - 目前無新的資料
2024-05-15 23:29:06,307 - INFO - 本頁沒有新帖子，停止搜索
2024-05-15 23:29:06,308 - INFO - 處理版面: lifeismoney
2024-05-15 23:29:06,308 - INFO - 訪問頁面: https://www.ptt.cc/bbs/lifeismoney/index.html
2024-05-15 23:29:07,730 - INFO - 在https://www.ptt.cc/bbs/lifeismoney/index.html未找到符合條件的帖子
2024-05-15 23:29:07,733 - INFO - 目前無新的資料
2024-05-15 23:29:07,733 - INFO - 本頁沒有新帖子，停止搜索
2024-05-15 23:29:07,734 - INFO - 處理版面: lifeismoney
2024-05-15 23:29:07,734 - INFO - 訪問頁面: https://www.ptt.cc/bbs/lifeismoney/index.html
2024-05-15 23:29:09,521 - INFO - 在https://www.ptt.cc/bbs/lifeismoney/index.html未找到符合條件的帖子
2024-05-15 23:29:09,529 - INFO - 目前無新的資料
2024-05-15 23:29:09,529 - INFO - 本頁沒有新帖子，停止搜索
2024-05-15 23:29:09,530 - INFO - 處理版面: lifeismoney
2024-05-15 23:29:09,531 - INFO - 訪問頁面: https://www.ptt.cc/bbs/lifeismoney/index.html
2024-05-15 23:29:11,276 - INFO - 在https://www.ptt.cc/bbs/lifeismoney/index.html未找到符合條件的帖子
2024-05-15 23:29:11,280 - INFO - 目前無新的資料
2024-05-15 23:29:11,280 - INFO - 本頁沒有新帖子，停止搜索
2024-05-15 23:29:11,281 - INFO - 處理版面: lifeismoney
2024-05-15 23:29:11,282 - INFO - 訪問頁面: https://www.ptt.cc/bbs/lifeismoney/index.html
2024-05-15 23:29:13,337 - INFO - 在https://www.ptt.cc/bbs/lifeismoney/index.html未找到符合條件的帖子
2024-05-15 23:29:13,342 - INFO - 目前無新的資料
2024-05-15 23:29:13,342 - INFO - 本頁沒有新帖子，停止搜索
2024-05-15 23:29:13,343 - INFO - 處理版面: lifeismoney
2024-05-15 23:29:13,344 - INFO - 訪問頁面: https://www.ptt.cc/bbs/lifeismoney/index.html
2024-05-15 23:29:15,100 - INFO - 在https://www.ptt.cc/bbs/lifeismoney/index.html未找到符合條件的帖子
2024-05-15 23:29:15,102 - INFO - 目前無新的資料
2024-05-15 23:29:15,103 - INFO - 本頁沒有新帖子，停止搜索
2024-05-15 23:29:15,103 - INFO - 處理版面: lifeismoney
2024-05-15 23:29:15,103 - INFO - 訪問頁面: https://www.ptt.cc/bbs/lifeismoney/index.html
2024-05-15 23:29:15,988 - INFO - 在https://www.ptt.cc/bbs/lifeismoney/index.html未找到符合條件的帖子
2024-05-15 23:29:15,992 - INFO - 目前無新的資料
2024-05-15 23:29:15,993 - INFO - 本頁沒有新帖子，停止搜索
2024-05-15 23:29:15,994 - INFO - 處理版面: lifeismoney
2024-05-15 23:29:15,995 - INFO - 訪問頁面: https://www.ptt.cc/bbs/lifeismoney/index.html
2024-05-15 23:29:18,087 - INFO - 在https://www.ptt.cc/bbs/lifeismoney/index.html未找到符合條件的帖子
2024-05-15 23:29:18,090 - INFO - 目前無新的資料
2024-05-15 23:29:18,091 - INFO - 本頁沒有新帖子，停止搜索
2024-05-15 23:29:18,093 - INFO - CSV檔讀取成功
2024-05-15 23:29:18,094 - INFO - 處理版面: hardwaresale
2024-05-15 23:29:18,094 - INFO - 訪問頁面: https://www.ptt.cc/bbs/hardwaresale/index.html
2024-05-15 23:29:18,833 - INFO - 在https://www.ptt.cc/bbs/hardwaresale/index.html未找到符合條件的帖子
2024-05-15 23:29:18,837 - INFO - 目前無新的資料
2024-05-15 23:29:18,837 - INFO - 本頁沒有新帖子，停止搜索
2024-05-15 23:29:18,838 - INFO - 處理版面: hardwaresale
2024-05-15 23:29:18,839 - INFO - 訪問頁面: https://www.ptt.cc/bbs/hardwaresale/index.html
2024-05-15 23:29:26,809 - INFO - 在https://www.ptt.cc/bbs/hardwaresale/index.html未找到符合條件的帖子
2024-05-15 23:29:26,814 - INFO - 目前無新的資料
2024-05-15 23:29:26,815 - INFO - 本頁沒有新帖子，停止搜索
2024-05-15 23:29:26,816 - INFO - 處理版面: lifeismoney
2024-05-15 23:29:26,816 - INFO - 訪問頁面: https://www.ptt.cc/bbs/lifeismoney/index.html
2024-05-15 23:29:28,158 - INFO - 在https://www.ptt.cc/bbs/lifeismoney/index.html未找到符合條件的帖子
2024-05-15 23:29:28,161 - INFO - 目前無新的資料
2024-05-15 23:29:28,161 - INFO - 本頁沒有新帖子，停止搜索
2024-05-15 23:29:28,162 - INFO - 處理版面: steam
2024-05-15 23:29:28,162 - INFO - 訪問頁面: https://www.ptt.cc/bbs/steam/index.html
2024-05-15 23:29:29,722 - INFO - 目前無新的資料
2024-05-15 23:29:29,723 - INFO - 獲取上一頁連結: https://www.ptt.cc/bbs/steam/index.html
2024-05-15 23:29:30,742 - INFO - 找到上一頁連結
2024-05-15 23:29:30,745 - INFO - 訪問頁面: https://www.ptt.cc/bbs/Steam/index3868.html
2024-05-15 23:29:32,662 - INFO - 在https://www.ptt.cc/bbs/Steam/index3868.html未找到符合條件的帖子
2024-05-15 23:29:32,664 - INFO - 目前無新的資料
2024-05-15 23:29:32,665 - INFO - 本頁沒有新帖子，停止搜索
2024-05-15 23:29:32,665 - INFO - 處理版面: lifeismoney
2024-05-15 23:29:32,665 - INFO - 訪問頁面: https://www.ptt.cc/bbs/lifeismoney/index.html
2024-05-15 23:29:33,894 - INFO - 在https://www.ptt.cc/bbs/lifeismoney/index.html未找到符合條件的帖子
2024-05-15 23:29:33,896 - INFO - 目前無新的資料
2024-05-15 23:29:33,897 - INFO - 本頁沒有新帖子，停止搜索
2024-05-15 23:29:33,897 - INFO - 處理版面: lifeismoney
2024-05-15 23:29:33,898 - INFO - 訪問頁面: https://www.ptt.cc/bbs/lifeismoney/index.html
2024-05-15 23:29:34,893 - INFO - 在https://www.ptt.cc/bbs/lifeismoney/index.html未找到符合條件的帖子
2024-05-15 23:29:34,896 - INFO - 目前無新的資料
2024-05-15 23:29:34,897 - INFO - 本頁沒有新帖子，停止搜索
2024-05-15 23:29:34,898 - INFO - 處理版面: lifeismoney
2024-05-15 23:29:34,898 - INFO - 訪問頁面: https://www.ptt.cc/bbs/lifeismoney/index.html
2024-05-15 23:29:35,816 - INFO - 在https://www.ptt.cc/bbs/lifeismoney/index.html未找到符合條件的帖子
2024-05-15 23:29:35,819 - INFO - 目前無新的資料
2024-05-15 23:29:35,820 - INFO - 本頁沒有新帖子，停止搜索
2024-05-15 23:29:35,820 - INFO - 處理版面: lifeismoney
2024-05-15 23:29:35,821 - INFO - 訪問頁面: https://www.ptt.cc/bbs/lifeismoney/index.html
2024-05-15 23:29:37,256 - INFO - 在https://www.ptt.cc/bbs/lifeismoney/index.html未找到符合條件的帖子
2024-05-15 23:29:37,260 - INFO - 目前無新的資料
2024-05-15 23:29:37,260 - INFO - 本頁沒有新帖子，停止搜索
2024-05-15 23:29:37,261 - INFO - 處理版面: lifeismoney
2024-05-15 23:29:37,261 - INFO - 訪問頁面: https://www.ptt.cc/bbs/lifeismoney/index.html
2024-05-15 23:29:37,875 - INFO - 在https://www.ptt.cc/bbs/lifeismoney/index.html未找到符合條件的帖子
2024-05-15 23:29:37,879 - INFO - 目前無新的資料
2024-05-15 23:29:37,879 - INFO - 本頁沒有新帖子，停止搜索
2024-05-15 23:29:37,880 - INFO - 處理版面: lifeismoney
2024-05-15 23:29:37,880 - INFO - 訪問頁面: https://www.ptt.cc/bbs/lifeismoney/index.html
2024-05-15 23:29:38,752 - INFO - 在https://www.ptt.cc/bbs/lifeismoney/index.html未找到符合條件的帖子
2024-05-15 23:29:38,755 - INFO - 目前無新的資料
2024-05-15 23:29:38,755 - INFO - 本頁沒有新帖子，停止搜索
2024-05-15 23:29:38,755 - INFO - 處理版面: lifeismoney
2024-05-15 23:29:38,756 - INFO - 訪問頁面: https://www.ptt.cc/bbs/lifeismoney/index.html
2024-05-15 23:29:40,753 - INFO - 在https://www.ptt.cc/bbs/lifeismoney/index.html未找到符合條件的帖子
2024-05-15 23:29:40,756 - INFO - 目前無新的資料
2024-05-15 23:29:40,757 - INFO - 本頁沒有新帖子，停止搜索
2024-05-15 23:29:40,757 - INFO - 處理版面: lifeismoney
2024-05-15 23:29:40,758 - INFO - 訪問頁面: https://www.ptt.cc/bbs/lifeismoney/index.html
2024-05-15 23:29:42,442 - INFO - 在https://www.ptt.cc/bbs/lifeismoney/index.html未找到符合條件的帖子
2024-05-15 23:29:42,446 - INFO - 目前無新的資料
2024-05-15 23:29:42,446 - INFO - 本頁沒有新帖子，停止搜索
2024-05-15 23:29:42,449 - INFO - CSV檔讀取成功
2024-05-15 23:29:42,450 - INFO - 處理版面: hardwaresale
2024-05-15 23:29:42,451 - INFO - 訪問頁面: https://www.ptt.cc/bbs/hardwaresale/index.html
2024-05-15 23:29:44,660 - INFO - 在https://www.ptt.cc/bbs/hardwaresale/index.html未找到符合條件的帖子
2024-05-15 23:29:44,664 - INFO - 目前無新的資料
2024-05-15 23:29:44,665 - INFO - 本頁沒有新帖子，停止搜索
2024-05-15 23:29:44,666 - INFO - 處理版面: hardwaresale
2024-05-15 23:29:44,666 - INFO - 訪問頁面: https://www.ptt.cc/bbs/hardwaresale/index.html
2024-05-15 23:29:45,816 - INFO - 在https://www.ptt.cc/bbs/hardwaresale/index.html未找到符合條件的帖子
2024-05-15 23:29:45,819 - INFO - 目前無新的資料
2024-05-15 23:29:45,819 - INFO - 本頁沒有新帖子，停止搜索
2024-05-15 23:29:45,819 - INFO - 處理版面: lifeismoney
2024-05-15 23:29:45,820 - INFO - 訪問頁面: https://www.ptt.cc/bbs/lifeismoney/index.html
2024-05-15 23:29:46,433 - INFO - 在https://www.ptt.cc/bbs/lifeismoney/index.html未找到符合條件的帖子
2024-05-15 23:29:46,436 - INFO - 目前無新的資料
2024-05-15 23:29:46,437 - INFO - 本頁沒有新帖子，停止搜索
2024-05-15 23:29:46,437 - INFO - 處理版面: steam
2024-05-15 23:29:46,438 - INFO - 訪問頁面: https://www.ptt.cc/bbs/steam/index.html
2024-05-15 23:29:48,007 - INFO - 目前無新的資料
2024-05-15 23:29:48,008 - INFO - 獲取上一頁連結: https://www.ptt.cc/bbs/steam/index.html
2024-05-15 23:29:50,298 - INFO - 找到上一頁連結
2024-05-15 23:29:50,300 - INFO - 訪問頁面: https://www.ptt.cc/bbs/Steam/index3868.html
2024-05-15 23:29:52,545 - INFO - 在https://www.ptt.cc/bbs/Steam/index3868.html未找到符合條件的帖子
2024-05-15 23:29:52,548 - INFO - 目前無新的資料
2024-05-15 23:29:52,548 - INFO - 本頁沒有新帖子，停止搜索
2024-05-15 23:29:52,548 - INFO - 處理版面: lifeismoney
2024-05-15 23:29:52,549 - INFO - 訪問頁面: https://www.ptt.cc/bbs/lifeismoney/index.html
2024-05-15 23:29:53,379 - INFO - 在https://www.ptt.cc/bbs/lifeismoney/index.html未找到符合條件的帖子
2024-05-15 23:29:53,384 - INFO - 目前無新的資料
2024-05-15 23:29:53,384 - INFO - 本頁沒有新帖子，停止搜索
2024-05-15 23:29:53,386 - INFO - 處理版面: lifeismoney
2024-05-15 23:29:53,386 - INFO - 訪問頁面: https://www.ptt.cc/bbs/lifeismoney/index.html
2024-05-15 23:29:55,641 - INFO - 在https://www.ptt.cc/bbs/lifeismoney/index.html未找到符合條件的帖子
2024-05-15 23:29:55,644 - INFO - 目前無新的資料
2024-05-15 23:29:55,645 - INFO - 本頁沒有新帖子，停止搜索
2024-05-15 23:29:55,645 - INFO - 處理版面: lifeismoney
2024-05-15 23:29:55,646 - INFO - 訪問頁面: https://www.ptt.cc/bbs/lifeismoney/index.html
2024-05-15 23:29:57,723 - INFO - 在https://www.ptt.cc/bbs/lifeismoney/index.html未找到符合條件的帖子
2024-05-15 23:29:57,728 - INFO - 目前無新的資料
2024-05-15 23:29:57,729 - INFO - 本頁沒有新帖子，停止搜索
2024-05-15 23:29:57,730 - INFO - 處理版面: lifeismoney
2024-05-15 23:29:57,730 - INFO - 訪問頁面: https://www.ptt.cc/bbs/lifeismoney/index.html
2024-05-15 23:29:58,622 - INFO - 在https://www.ptt.cc/bbs/lifeismoney/index.html未找到符合條件的帖子
2024-05-15 23:29:58,627 - INFO - 目前無新的資料
2024-05-15 23:29:58,628 - INFO - 本頁沒有新帖子，停止搜索
2024-05-15 23:29:58,629 - INFO - 處理版面: lifeismoney
2024-05-15 23:29:58,630 - INFO - 訪問頁面: https://www.ptt.cc/bbs/lifeismoney/index.html
2024-05-15 23:30:00,739 - INFO - 在https://www.ptt.cc/bbs/lifeismoney/index.html未找到符合條件的帖子
2024-05-15 23:30:00,742 - INFO - 目前無新的資料
2024-05-15 23:30:00,743 - INFO - 本頁沒有新帖子，停止搜索
2024-05-15 23:30:00,743 - INFO - 處理版面: lifeismoney
2024-05-15 23:30:00,744 - INFO - 訪問頁面: https://www.ptt.cc/bbs/lifeismoney/index.html
2024-05-15 23:30:01,939 - INFO - 在https://www.ptt.cc/bbs/lifeismoney/index.html未找到符合條件的帖子
2024-05-15 23:30:01,943 - INFO - 目前無新的資料
2024-05-15 23:30:01,944 - INFO - 本頁沒有新帖子，停止搜索
2024-05-15 23:30:01,945 - INFO - 處理版面: lifeismoney
2024-05-15 23:30:01,945 - INFO - 訪問頁面: https://www.ptt.cc/bbs/lifeismoney/index.html
2024-05-15 23:30:03,232 - INFO - 在https://www.ptt.cc/bbs/lifeismoney/index.html未找到符合條件的帖子
2024-05-15 23:30:03,236 - INFO - 目前無新的資料
2024-05-15 23:30:03,237 - INFO - 本頁沒有新帖子，停止搜索
2024-05-15 23:30:03,237 - INFO - 處理版面: lifeismoney
2024-05-15 23:30:03,238 - INFO - 訪問頁面: https://www.ptt.cc/bbs/lifeismoney/index.html
2024-05-15 23:30:04,243 - INFO - 在https://www.ptt.cc/bbs/lifeismoney/index.html未找到符合條件的帖子
2024-05-15 23:30:04,246 - INFO - 目前無新的資料
2024-05-15 23:30:04,247 - INFO - 本頁沒有新帖子，停止搜索
2024-05-15 23:30:04,249 - INFO - CSV檔讀取成功
2024-05-15 23:30:04,250 - INFO - 處理版面: hardwaresale
2024-05-15 23:30:04,250 - INFO - 訪問頁面: https://www.ptt.cc/bbs/hardwaresale/index.html
2024-05-15 23:30:05,614 - INFO - 在https://www.ptt.cc/bbs/hardwaresale/index.html未找到符合條件的帖子
2024-05-15 23:30:05,621 - INFO - 目前無新的資料
2024-05-15 23:30:05,622 - INFO - 本頁沒有新帖子，停止搜索
2024-05-15 23:30:05,623 - INFO - 處理版面: hardwaresale
2024-05-15 23:30:05,625 - INFO - 訪問頁面: https://www.ptt.cc/bbs/hardwaresale/index.html
2024-05-15 23:30:06,276 - INFO - 在https://www.ptt.cc/bbs/hardwaresale/index.html未找到符合條件的帖子
2024-05-15 23:30:06,278 - INFO - 目前無新的資料
2024-05-15 23:30:06,278 - INFO - 本頁沒有新帖子，停止搜索
2024-05-15 23:30:06,279 - INFO - 處理版面: lifeismoney
2024-05-15 23:30:06,279 - INFO - 訪問頁面: https://www.ptt.cc/bbs/lifeismoney/index.html
2024-05-15 23:30:07,578 - INFO - 在https://www.ptt.cc/bbs/lifeismoney/index.html未找到符合條件的帖子
2024-05-15 23:30:07,580 - INFO - 目前無新的資料
2024-05-15 23:30:07,580 - INFO - 本頁沒有新帖子，停止搜索
2024-05-15 23:30:07,581 - INFO - 處理版面: steam
2024-05-15 23:30:07,581 - INFO - 訪問頁面: https://www.ptt.cc/bbs/steam/index.html
2024-05-15 23:30:09,641 - INFO - 目前無新的資料
2024-05-15 23:30:09,642 - INFO - 獲取上一頁連結: https://www.ptt.cc/bbs/steam/index.html
2024-05-15 23:30:10,820 - INFO - 找到上一頁連結
2024-05-15 23:30:10,822 - INFO - 訪問頁面: https://www.ptt.cc/bbs/Steam/index3868.html
2024-05-15 23:30:13,100 - INFO - 在https://www.ptt.cc/bbs/Steam/index3868.html未找到符合條件的帖子
2024-05-15 23:30:13,103 - INFO - 目前無新的資料
2024-05-15 23:30:13,103 - INFO - 本頁沒有新帖子，停止搜索
2024-05-15 23:30:13,104 - INFO - 處理版面: lifeismoney
2024-05-15 23:30:13,104 - INFO - 訪問頁面: https://www.ptt.cc/bbs/lifeismoney/index.html
2024-05-15 23:30:14,129 - INFO - 在https://www.ptt.cc/bbs/lifeismoney/index.html未找到符合條件的帖子
2024-05-15 23:30:14,133 - INFO - 目前無新的資料
2024-05-15 23:30:14,133 - INFO - 本頁沒有新帖子，停止搜索
2024-05-15 23:30:14,134 - INFO - 處理版面: lifeismoney
2024-05-15 23:30:14,135 - INFO - 訪問頁面: https://www.ptt.cc/bbs/lifeismoney/index.html
2024-05-15 23:30:16,117 - INFO - 在https://www.ptt.cc/bbs/lifeismoney/index.html未找到符合條件的帖子
2024-05-15 23:30:16,122 - INFO - 目前無新的資料
2024-05-15 23:30:16,123 - INFO - 本頁沒有新帖子，停止搜索
2024-05-15 23:30:16,124 - INFO - 處理版面: lifeismoney
2024-05-15 23:30:16,124 - INFO - 訪問頁面: https://www.ptt.cc/bbs/lifeismoney/index.html
2024-05-15 23:30:17,627 - INFO - 在https://www.ptt.cc/bbs/lifeismoney/index.html未找到符合條件的帖子
2024-05-15 23:30:17,629 - INFO - 目前無新的資料
2024-05-15 23:30:17,629 - INFO - 本頁沒有新帖子，停止搜索
2024-05-15 23:30:17,629 - INFO - 處理版面: lifeismoney
2024-05-15 23:30:17,629 - INFO - 訪問頁面: https://www.ptt.cc/bbs/lifeismoney/index.html
2024-05-15 23:30:18,939 - INFO - 在https://www.ptt.cc/bbs/lifeismoney/index.html未找到符合條件的帖子
2024-05-15 23:30:18,941 - INFO - 目前無新的資料
2024-05-15 23:30:18,942 - INFO - 本頁沒有新帖子，停止搜索
2024-05-15 23:30:18,942 - INFO - 處理版面: lifeismoney
2024-05-15 23:30:18,942 - INFO - 訪問頁面: https://www.ptt.cc/bbs/lifeismoney/index.html
2024-05-15 23:30:19,952 - INFO - 在https://www.ptt.cc/bbs/lifeismoney/index.html未找到符合條件的帖子
2024-05-15 23:30:19,955 - INFO - 目前無新的資料
2024-05-15 23:30:19,956 - INFO - 本頁沒有新帖子，停止搜索
2024-05-15 23:30:19,956 - INFO - 處理版面: lifeismoney
2024-05-15 23:30:19,957 - INFO - 訪問頁面: https://www.ptt.cc/bbs/lifeismoney/index.html
2024-05-15 23:30:20,970 - INFO - 在https://www.ptt.cc/bbs/lifeismoney/index.html未找到符合條件的帖子
2024-05-15 23:30:20,973 - INFO - 目前無新的資料
2024-05-15 23:30:20,973 - INFO - 本頁沒有新帖子，停止搜索
2024-05-15 23:30:20,973 - INFO - 處理版面: lifeismoney
2024-05-15 23:30:20,973 - INFO - 訪問頁面: https://www.ptt.cc/bbs/lifeismoney/index.html
2024-05-15 23:30:22,425 - INFO - 在https://www.ptt.cc/bbs/lifeismoney/index.html未找到符合條件的帖子
2024-05-15 23:30:22,427 - INFO - 目前無新的資料
2024-05-15 23:30:22,427 - INFO - 本頁沒有新帖子，停止搜索
2024-05-15 23:30:22,428 - INFO - 處理版面: lifeismoney
2024-05-15 23:30:22,428 - INFO - 訪問頁面: https://www.ptt.cc/bbs/lifeismoney/index.html
2024-05-15 23:30:23,300 - INFO - 在https://www.ptt.cc/bbs/lifeismoney/index.html未找到符合條件的帖子
2024-05-15 23:30:23,303 - INFO - 目前無新的資料
2024-05-15 23:30:23,303 - INFO - 本頁沒有新帖子，停止搜索
2024-05-15 23:30:23,305 - INFO - CSV檔讀取成功
2024-05-15 23:30:23,305 - INFO - 處理版面: hardwaresale
2024-05-15 23:30:23,306 - INFO - 訪問頁面: https://www.ptt.cc/bbs/hardwaresale/index.html
2024-05-15 23:30:24,728 - INFO - 在https://www.ptt.cc/bbs/hardwaresale/index.html未找到符合條件的帖子
2024-05-15 23:30:24,733 - INFO - 目前無新的資料
2024-05-15 23:30:24,734 - INFO - 本頁沒有新帖子，停止搜索
2024-05-15 23:30:24,735 - INFO - 處理版面: hardwaresale
2024-05-15 23:30:24,735 - INFO - 訪問頁面: https://www.ptt.cc/bbs/hardwaresale/index.html
2024-05-15 23:30:25,641 - INFO - 在https://www.ptt.cc/bbs/hardwaresale/index.html未找到符合條件的帖子
2024-05-15 23:30:25,644 - INFO - 目前無新的資料
2024-05-15 23:30:25,645 - INFO - 本頁沒有新帖子，停止搜索
2024-05-15 23:30:25,645 - INFO - 處理版面: lifeismoney
2024-05-15 23:30:25,646 - INFO - 訪問頁面: https://www.ptt.cc/bbs/lifeismoney/index.html
2024-05-15 23:30:26,681 - INFO - 在https://www.ptt.cc/bbs/lifeismoney/index.html未找到符合條件的帖子
2024-05-15 23:30:26,684 - INFO - 目前無新的資料
2024-05-15 23:30:26,684 - INFO - 本頁沒有新帖子，停止搜索
2024-05-15 23:30:26,685 - INFO - 處理版面: steam
2024-05-15 23:30:26,685 - INFO - 訪問頁面: https://www.ptt.cc/bbs/steam/index.html
2024-05-15 23:30:28,478 - INFO - 目前無新的資料
2024-05-15 23:30:28,479 - INFO - 獲取上一頁連結: https://www.ptt.cc/bbs/steam/index.html
2024-05-15 23:30:29,933 - INFO - 找到上一頁連結
2024-05-15 23:30:29,937 - INFO - 訪問頁面: https://www.ptt.cc/bbs/Steam/index3868.html
2024-05-15 23:30:31,506 - INFO - 在https://www.ptt.cc/bbs/Steam/index3868.html未找到符合條件的帖子
2024-05-15 23:30:31,509 - INFO - 目前無新的資料
2024-05-15 23:30:31,509 - INFO - 本頁沒有新帖子，停止搜索
2024-05-15 23:30:31,510 - INFO - 處理版面: lifeismoney
2024-05-15 23:30:31,510 - INFO - 訪問頁面: https://www.ptt.cc/bbs/lifeismoney/index.html
2024-05-15 23:30:33,223 - INFO - 在https://www.ptt.cc/bbs/lifeismoney/index.html未找到符合條件的帖子
2024-05-15 23:30:33,225 - INFO - 目前無新的資料
2024-05-15 23:30:33,226 - INFO - 本頁沒有新帖子，停止搜索
2024-05-15 23:30:33,226 - INFO - 處理版面: lifeismoney
2024-05-15 23:30:33,226 - INFO - 訪問頁面: https://www.ptt.cc/bbs/lifeismoney/index.html
2024-05-15 23:30:34,203 - INFO - 在https://www.ptt.cc/bbs/lifeismoney/index.html未找到符合條件的帖子
2024-05-15 23:30:34,206 - INFO - 目前無新的資料
2024-05-15 23:30:34,207 - INFO - 本頁沒有新帖子，停止搜索
2024-05-15 23:30:34,207 - INFO - 處理版面: lifeismoney
2024-05-15 23:30:34,208 - INFO - 訪問頁面: https://www.ptt.cc/bbs/lifeismoney/index.html
2024-05-15 23:30:35,628 - INFO - 在https://www.ptt.cc/bbs/lifeismoney/index.html未找到符合條件的帖子
2024-05-15 23:30:35,631 - INFO - 目前無新的資料
2024-05-15 23:30:35,632 - INFO - 本頁沒有新帖子，停止搜索
2024-05-15 23:30:35,632 - INFO - 處理版面: lifeismoney
2024-05-15 23:30:35,633 - INFO - 訪問頁面: https://www.ptt.cc/bbs/lifeismoney/index.html
2024-05-15 23:30:36,519 - INFO - 在https://www.ptt.cc/bbs/lifeismoney/index.html未找到符合條件的帖子
2024-05-15 23:30:36,521 - INFO - 目前無新的資料
2024-05-15 23:30:36,521 - INFO - 本頁沒有新帖子，停止搜索
2024-05-15 23:30:36,522 - INFO - 處理版面: lifeismoney
2024-05-15 23:30:36,522 - INFO - 訪問頁面: https://www.ptt.cc/bbs/lifeismoney/index.html
2024-05-15 23:30:37,279 - INFO - 在https://www.ptt.cc/bbs/lifeismoney/index.html未找到符合條件的帖子
2024-05-15 23:30:37,281 - INFO - 目前無新的資料
2024-05-15 23:30:37,281 - INFO - 本頁沒有新帖子，停止搜索
2024-05-15 23:30:37,281 - INFO - 處理版面: lifeismoney
2024-05-15 23:30:37,282 - INFO - 訪問頁面: https://www.ptt.cc/bbs/lifeismoney/index.html
2024-05-15 23:30:38,405 - INFO - 在https://www.ptt.cc/bbs/lifeismoney/index.html未找到符合條件的帖子
2024-05-15 23:30:38,408 - INFO - 目前無新的資料
2024-05-15 23:30:38,408 - INFO - 本頁沒有新帖子，停止搜索
2024-05-15 23:30:38,409 - INFO - 處理版面: lifeismoney
2024-05-15 23:30:38,409 - INFO - 訪問頁面: https://www.ptt.cc/bbs/lifeismoney/index.html
2024-05-15 23:30:39,239 - INFO - 在https://www.ptt.cc/bbs/lifeismoney/index.html未找到符合條件的帖子
2024-05-15 23:30:39,241 - INFO - 目前無新的資料
2024-05-15 23:30:39,242 - INFO - 本頁沒有新帖子，停止搜索
2024-05-15 23:30:39,242 - INFO - 處理版面: lifeismoney
2024-05-15 23:30:39,242 - INFO - 訪問頁面: https://www.ptt.cc/bbs/lifeismoney/index.html
2024-05-15 23:30:41,047 - INFO - 在https://www.ptt.cc/bbs/lifeismoney/index.html未找到符合條件的帖子
2024-05-15 23:30:41,049 - INFO - 目前無新的資料
2024-05-15 23:30:41,049 - INFO - 本頁沒有新帖子，停止搜索
2024-05-15 23:30:41,050 - INFO - CSV檔讀取成功
2024-05-15 23:30:41,051 - INFO - 處理版面: hardwaresale
2024-05-15 23:30:41,051 - INFO - 訪問頁面: https://www.ptt.cc/bbs/hardwaresale/index.html
2024-05-15 23:30:42,023 - INFO - 在https://www.ptt.cc/bbs/hardwaresale/index.html未找到符合條件的帖子
2024-05-15 23:30:42,026 - INFO - 目前無新的資料
2024-05-15 23:30:42,027 - INFO - 本頁沒有新帖子，停止搜索
2024-05-15 23:30:42,027 - INFO - 處理版面: hardwaresale
2024-05-15 23:30:42,027 - INFO - 訪問頁面: https://www.ptt.cc/bbs/hardwaresale/index.html
2024-05-15 23:30:42,659 - INFO - 在https://www.ptt.cc/bbs/hardwaresale/index.html未找到符合條件的帖子
2024-05-15 23:30:42,663 - INFO - 目前無新的資料
2024-05-15 23:30:42,664 - INFO - 本頁沒有新帖子，停止搜索
2024-05-15 23:30:42,665 - INFO - 處理版面: lifeismoney
2024-05-15 23:30:42,665 - INFO - 訪問頁面: https://www.ptt.cc/bbs/lifeismoney/index.html
2024-05-15 23:30:43,505 - INFO - 在https://www.ptt.cc/bbs/lifeismoney/index.html未找到符合條件的帖子
2024-05-15 23:30:43,510 - INFO - 目前無新的資料
2024-05-15 23:30:43,510 - INFO - 本頁沒有新帖子，停止搜索
2024-05-15 23:30:43,511 - INFO - 處理版面: steam
2024-05-15 23:30:43,512 - INFO - 訪問頁面: https://www.ptt.cc/bbs/steam/index.html
2024-05-15 23:30:45,478 - INFO - 目前無新的資料
2024-05-15 23:30:45,479 - INFO - 獲取上一頁連結: https://www.ptt.cc/bbs/steam/index.html
2024-05-15 23:30:46,823 - INFO - 找到上一頁連結
2024-05-15 23:30:46,826 - INFO - 訪問頁面: https://www.ptt.cc/bbs/Steam/index3868.html
2024-05-15 23:30:48,365 - INFO - 在https://www.ptt.cc/bbs/Steam/index3868.html未找到符合條件的帖子
2024-05-15 23:30:48,368 - INFO - 目前無新的資料
2024-05-15 23:30:48,368 - INFO - 本頁沒有新帖子，停止搜索
2024-05-15 23:30:48,368 - INFO - 處理版面: lifeismoney
2024-05-15 23:30:48,369 - INFO - 訪問頁面: https://www.ptt.cc/bbs/lifeismoney/index.html
2024-05-15 23:30:49,048 - INFO - 在https://www.ptt.cc/bbs/lifeismoney/index.html未找到符合條件的帖子
2024-05-15 23:30:49,050 - INFO - 目前無新的資料
2024-05-15 23:30:49,050 - INFO - 本頁沒有新帖子，停止搜索
2024-05-15 23:30:49,051 - INFO - 處理版面: lifeismoney
2024-05-15 23:30:49,051 - INFO - 訪問頁面: https://www.ptt.cc/bbs/lifeismoney/index.html
2024-05-15 23:30:49,923 - INFO - 在https://www.ptt.cc/bbs/lifeismoney/index.html未找到符合條件的帖子
2024-05-15 23:30:49,926 - INFO - 目前無新的資料
2024-05-15 23:30:49,927 - INFO - 本頁沒有新帖子，停止搜索
2024-05-15 23:30:49,927 - INFO - 處理版面: lifeismoney
2024-05-15 23:30:49,927 - INFO - 訪問頁面: https://www.ptt.cc/bbs/lifeismoney/index.html
2024-05-15 23:30:51,575 - INFO - 在https://www.ptt.cc/bbs/lifeismoney/index.html未找到符合條件的帖子
2024-05-15 23:30:51,579 - INFO - 目前無新的資料
2024-05-15 23:30:51,579 - INFO - 本頁沒有新帖子，停止搜索
2024-05-15 23:30:51,580 - INFO - 處理版面: lifeismoney
2024-05-15 23:30:51,581 - INFO - 訪問頁面: https://www.ptt.cc/bbs/lifeismoney/index.html
2024-05-15 23:30:52,387 - INFO - 在https://www.ptt.cc/bbs/lifeismoney/index.html未找到符合條件的帖子
2024-05-15 23:30:52,389 - INFO - 目前無新的資料
2024-05-15 23:30:52,390 - INFO - 本頁沒有新帖子，停止搜索
2024-05-15 23:30:52,390 - INFO - 處理版面: lifeismoney
2024-05-15 23:30:52,390 - INFO - 訪問頁面: https://www.ptt.cc/bbs/lifeismoney/index.html
2024-05-15 23:30:53,369 - INFO - 在https://www.ptt.cc/bbs/lifeismoney/index.html未找到符合條件的帖子
2024-05-15 23:30:53,371 - INFO - 目前無新的資料
2024-05-15 23:30:53,371 - INFO - 本頁沒有新帖子，停止搜索
2024-05-15 23:30:53,372 - INFO - 處理版面: lifeismoney
2024-05-15 23:30:53,372 - INFO - 訪問頁面: https://www.ptt.cc/bbs/lifeismoney/index.html
2024-05-15 23:30:54,622 - INFO - 在https://www.ptt.cc/bbs/lifeismoney/index.html未找到符合條件的帖子
2024-05-15 23:30:54,626 - INFO - 目前無新的資料
2024-05-15 23:30:54,627 - INFO - 本頁沒有新帖子，停止搜索
2024-05-15 23:30:54,627 - INFO - 處理版面: lifeismoney
2024-05-15 23:30:54,628 - INFO - 訪問頁面: https://www.ptt.cc/bbs/lifeismoney/index.html
2024-05-15 23:30:57,654 - INFO - 在https://www.ptt.cc/bbs/lifeismoney/index.html未找到符合條件的帖子
2024-05-15 23:30:57,657 - INFO - 目前無新的資料
2024-05-15 23:30:57,657 - INFO - 本頁沒有新帖子，停止搜索
2024-05-15 23:30:57,658 - INFO - 處理版面: lifeismoney
2024-05-15 23:30:57,658 - INFO - 訪問頁面: https://www.ptt.cc/bbs/lifeismoney/index.html
